<?xml version="1.0" encoding="utf-8" standalone="no"?>
<test-run id="2" testcasecount="4" result="Failed" total="4" passed="3" failed="1" inconclusive="0" skipped="0" asserts="3" engine-version="3.7.0.0" clr-version="4.0.30319.42000" start-time="2018-01-04 00:40:53Z" end-time="2018-01-04 00:41:47Z" duration="53.508715">
  <command-line><![CDATA[nunit3-console.exe   "c:\Users\Benjamin\Desktop\repos_new\Selenium Project\SeleniumTutorial\SeleniumTutorial\bin\Debug\SeleniumTutorial.exe]]></command-line>
  <test-suite type="Assembly" id="0-1008" name="SeleniumTutorial.exe" fullname="c:\Users\Benjamin\Desktop\repos_new\Selenium Project\SeleniumTutorial\SeleniumTutorial\bin\Debug\SeleniumTutorial.exe" runstate="Runnable" testcasecount="4" result="Failed" site="Child" start-time="2018-01-04 00:40:54Z" end-time="2018-01-04 00:41:46Z" duration="52.935829" total="4" passed="3" failed="1" warnings="0" inconclusive="0" skipped="0" asserts="3">
    <environment framework-version="3.9.0.0" clr-version="4.0.30319.42000" os-version="Microsoft Windows NT 10.0.16299.0" platform="Win32NT" cwd="c:\Users\Benjamin\Desktop\repos_new\Selenium Project\SeleniumTutorial\packages\NUnit.ConsoleRunner.3.7.0\tools" machine-name="ASUSNB01" user="Benjamin" user-domain="AsusNB01" culture="en-GB" uiculture="en-GB" os-architecture="x86" />
    <settings>
      <setting name="DisposeRunners" value="True" />
      <setting name="WorkDirectory" value="c:\Users\Benjamin\Desktop\repos_new\Selenium Project\SeleniumTutorial\packages\NUnit.ConsoleRunner.3.7.0\tools" />
      <setting name="ImageRuntimeVersion" value="4.0.30319" />
      <setting name="ImageTargetFrameworkName" value=".NETFramework,Version=v4.6.1" />
      <setting name="ImageRequiresX86" value="True" />
      <setting name="RunAsX86" value="True" />
      <setting name="ImageRequiresDefaultAppDomainAssemblyResolver" value="False" />
      <setting name="NumberOfTestWorkers" value="4" />
    </settings>
    <properties>
      <property name="_PID" value="5524" />
      <property name="_APPDOMAIN" value="domain-" />
    </properties>
    <failure>
      <message><![CDATA[One or more child tests had errors]]></message>
    </failure>
    <test-suite type="TestSuite" id="0-1009" name="SeleniumTutorial" fullname="SeleniumTutorial" runstate="Runnable" testcasecount="4" result="Failed" site="Child" start-time="2018-01-04 00:40:54Z" end-time="2018-01-04 00:41:46Z" duration="52.917901" total="4" passed="3" failed="1" warnings="0" inconclusive="0" skipped="0" asserts="3">
      <failure>
        <message><![CDATA[One or more child tests had errors]]></message>
      </failure>
      <test-suite type="TestFixture" id="0-1000" name="FirstClass" fullname="SeleniumTutorial.FirstClass" classname="SeleniumTutorial.FirstClass" runstate="Runnable" testcasecount="1" result="Passed" start-time="2018-01-04 00:40:54Z" end-time="2018-01-04 00:41:07Z" duration="13.280168" total="1" passed="1" failed="0" warnings="0" inconclusive="0" skipped="0" asserts="1">
        <test-case id="0-1001" name="LoginTest" fullname="SeleniumTutorial.FirstClass.LoginTest" methodname="LoginTest" classname="SeleniumTutorial.FirstClass" runstate="Runnable" seed="1002472022" result="Passed" start-time="2018-01-04 00:40:54Z" end-time="2018-01-04 00:41:07Z" duration="13.060497" asserts="1">
          <output><![CDATA[browser opening....
browser open
Acapulco
Frankfurt
London
New York
Paris
Portland
San Francisco
Seattle
Sydney
Zurich
page handle is: 4294967297
]]></output>
        </test-case>
      </test-suite>
      <test-suite type="TestSuite" id="0-1010" name="ToolsQa" fullname="SeleniumTutorial.ToolsQa" runstate="Runnable" testcasecount="3" result="Failed" site="Child" start-time="2018-01-04 00:40:54Z" end-time="2018-01-04 00:41:46Z" duration="52.914181" total="3" passed="2" failed="1" warnings="0" inconclusive="0" skipped="0" asserts="2">
        <failure>
          <message><![CDATA[One or more child tests had errors]]></message>
        </failure>
        <test-suite type="TestFixture" id="0-1002" name="BasicTest1" fullname="SeleniumTutorial.ToolsQa.BasicTest1" classname="SeleniumTutorial.ToolsQa.BasicTest1" runstate="Runnable" testcasecount="1" result="Passed" start-time="2018-01-04 00:41:07Z" end-time="2018-01-04 00:41:21Z" duration="14.411896" total="1" passed="1" failed="0" warnings="0" inconclusive="0" skipped="0" asserts="1">
          <test-case id="0-1003" name="sampleTest" fullname="SeleniumTutorial.ToolsQa.BasicTest1.sampleTest" methodname="sampleTest" classname="SeleniumTutorial.ToolsQa.BasicTest1" runstate="Runnable" seed="294151759" result="Passed" start-time="2018-01-04 00:41:07Z" end-time="2018-01-04 00:41:21Z" duration="14.411548" asserts="1">
            <output><![CDATA[6
displayed image is: 6
conditions are met
]]></output>
          </test-case>
        </test-suite>
        <test-suite type="TestFixture" id="0-1004" name="FrameTest" fullname="SeleniumTutorial.ToolsQa.FrameTest" classname="SeleniumTutorial.ToolsQa.FrameTest" runstate="Runnable" testcasecount="1" result="Failed" site="Child" start-time="2018-01-04 00:41:21Z" end-time="2018-01-04 00:41:33Z" duration="11.890351" total="1" passed="0" failed="1" warnings="0" inconclusive="0" skipped="0" asserts="0">
          <failure>
            <message><![CDATA[One or more child tests had errors]]></message>
          </failure>
          <test-case id="0-1005" name="ActualTest" fullname="SeleniumTutorial.ToolsQa.FrameTest.ActualTest" methodname="ActualTest" classname="SeleniumTutorial.ToolsQa.FrameTest" runstate="Runnable" seed="113168402" result="Failed" label="Error" start-time="2018-01-04 00:41:21Z" end-time="2018-01-04 00:41:33Z" duration="11.889961" asserts="0">
            <failure>
              <message><![CDATA[System.Reflection.TargetInvocationException : Exception has been thrown by the target of an invocation.
  ----> OpenQA.Selenium.ElementNotVisibleException : element not visible
  (Session info: chrome=63.0.3239.108)
  (Driver info: chromedriver=2.33.506120 (e3e53437346286c0bc2d2dc9aa4915ba81d9023f),platform=Windows NT 10.0.16299 x86_64)]]></message>
              <stack-trace><![CDATA[   at System.RuntimeMethodHandle.InvokeMethod(Object target, Object[] arguments, Signature sig, Boolean constructor)
   at System.Reflection.RuntimeMethodInfo.UnsafeInvokeInternal(Object obj, Object[] parameters, Object[] arguments)
   at System.Reflection.RuntimeMethodInfo.Invoke(Object obj, BindingFlags invokeAttr, Binder binder, Object[] parameters, CultureInfo culture)
   at OpenQA.Selenium.Support.PageObjects.WebDriverObjectProxy.InvokeMethod(IMethodCallMessage msg, Object representedValue)
   at OpenQA.Selenium.Support.PageObjects.WebElementProxy.Invoke(IMessage msg)
   at System.Runtime.Remoting.Proxies.RealProxy.PrivateInvoke(MessageData& msgData, Int32 type)
   at OpenQA.Selenium.IWebElement.SendKeys(String text)
   at SeleniumTutorial.ToolsQa.FrameTest.ActualTest() in C:\Users\Benjamin\Desktop\repos_new\Selenium Project\SeleniumTutorial\SeleniumTutorial\ToolsQa\FrameTest.cs:line 27
--ElementNotVisibleException
   at OpenQA.Selenium.Remote.RemoteWebDriver.UnpackAndThrowOnError(Response errorResponse)
   at OpenQA.Selenium.Remote.RemoteWebDriver.Execute(String driverCommandToExecute, Dictionary`2 parameters)
   at OpenQA.Selenium.Remote.RemoteWebElement.SendKeys(String text)]]></stack-trace>
            </failure>
          </test-case>
        </test-suite>
        <test-suite type="TestFixture" id="0-1006" name="WindowHandlesTest" fullname="SeleniumTutorial.ToolsQa.WindowHandlesTest" classname="SeleniumTutorial.ToolsQa.WindowHandlesTest" runstate="Runnable" testcasecount="1" result="Passed" start-time="2018-01-04 00:41:33Z" end-time="2018-01-04 00:41:46Z" duration="13.318756" total="1" passed="1" failed="0" warnings="0" inconclusive="0" skipped="0" asserts="1">
          <test-case id="0-1007" name="TestMethod" fullname="SeleniumTutorial.ToolsQa.WindowHandlesTest.TestMethod" methodname="TestMethod" classname="SeleniumTutorial.ToolsQa.WindowHandlesTest" runstate="Runnable" seed="1887195295" result="Passed" start-time="2018-01-04 00:41:33Z" end-time="2018-01-04 00:41:46Z" duration="13.316947" asserts="1">
            <output><![CDATA[this is the parent handle: 4294967297
2
4294967297
4294967302
]]></output>
          </test-case>
        </test-suite>
      </test-suite>
    </test-suite>
  </test-suite>
</test-run>